<?xml version="1.0" encoding="UTF-8"?>
<testng-results skipped="0" failed="0" ignored="0" total="1" passed="1">
  <reporter-output>
  </reporter-output>
  <suite name="Suite" duration-ms="26179" started-at="2021-06-25T03:40:47Z" finished-at="2021-06-25T03:41:13Z">
    <groups>
    </groups>
    <test name="Test" duration-ms="26179" started-at="2021-06-25T03:40:47Z" finished-at="2021-06-25T03:41:13Z">
      <class name="com.tmb.testcases.AmazonDemoTest">
        <test-method status="PASS" signature="setUp([Ljava.lang.Object;)[pri:0, instance:com.tmb.testcases.AmazonDemoTest@3c0ecd4b]" name="setUp" is-config="true" duration-ms="13215" started-at="2021-06-25T03:40:48Z" finished-at="2021-06-25T03:41:01Z">
          <params>
            <param index="0">
              <value>
                <![CDATA[[Ljava.lang.Object;@d62fe5b]]>
              </value>
            </param>
          </params>
          <reporter-output>
          </reporter-output>
        </test-method> <!-- setUp -->
        <test-method status="PASS" signature="amazonTest(java.util.Map)[pri:0, instance:com.tmb.testcases.AmazonDemoTest@3c0ecd4b]" name="amazonTest" duration-ms="10939" started-at="2021-06-25T03:41:01Z" description="check" finished-at="2021-06-25T03:41:12Z">
          <params>
            <param index="0">
              <value>
                <![CDATA[{fname=, password=, browser=chrome, testname=amazonTest, execute=yes, menutext=Laptops, username=}]]>
              </value>
            </param>
          </params>
          <reporter-output>
          </reporter-output>
        </test-method> <!-- amazonTest -->
        <test-method status="PASS" signature="tearDown(org.testng.ITestResult)[pri:0, instance:com.tmb.testcases.AmazonDemoTest@3c0ecd4b]" name="tearDown" is-config="true" duration-ms="1103" started-at="2021-06-25T03:41:12Z" finished-at="2021-06-25T03:41:13Z">
          <params>
            <param index="0">
              <value>
                <![CDATA[[TestResult name=amazonTest status=SUCCESS method=AmazonDemoTest.amazonTest(java.util.Map)[pri:0, instance:com.tmb.testcases.AmazonDemoTest@3c0ecd4b] output={null}]]]>
              </value>
            </param>
          </params>
          <reporter-output>
          </reporter-output>
        </test-method> <!-- tearDown -->
      </class> <!-- com.tmb.testcases.AmazonDemoTest -->
    </test> <!-- Test -->
  </suite> <!-- Suite -->
</testng-results>
