<?xml version="1.0" encoding="UTF-8"?>
<testng-results skipped="0" failed="0" ignored="0" total="1" passed="1">
  <reporter-output>
  </reporter-output>
  <suite name="Suite" duration-ms="69077" started-at="2021-06-28T02:52:09Z" finished-at="2021-06-28T02:53:18Z">
    <groups>
    </groups>
    <test name="Test" duration-ms="69077" started-at="2021-06-28T02:52:09Z" finished-at="2021-06-28T02:53:18Z">
      <class name="com.tmb.testcases.AmazonDemoTest">
        <test-method status="PASS" signature="setUp([Ljava.lang.Object;)[pri:0, instance:com.tmb.testcases.AmazonDemoTest@5700d6b1]" name="setUp" is-config="true" duration-ms="28446" started-at="2021-06-28T02:52:10Z" finished-at="2021-06-28T02:52:39Z">
          <params>
            <param index="0">
              <value>
                <![CDATA[[Ljava.lang.Object;@42b02722]]>
              </value>
            </param>
          </params>
          <reporter-output>
          </reporter-output>
        </test-method> <!-- setUp -->
        <test-method status="PASS" signature="amazonTest(java.util.Map)[pri:0, instance:com.tmb.testcases.AmazonDemoTest@5700d6b1]" name="amazonTest" duration-ms="37964" started-at="2021-06-28T02:52:39Z" description="check" finished-at="2021-06-28T02:53:17Z">
          <params>
            <param index="0">
              <value>
                <![CDATA[{fname=, password=, browser=chrome, testname=amazonTest, execute=yes, menutext=Laptops, username=}]]>
              </value>
            </param>
          </params>
          <reporter-output>
          </reporter-output>
        </test-method> <!-- amazonTest -->
        <test-method status="PASS" signature="tearDown(org.testng.ITestResult)[pri:0, instance:com.tmb.testcases.AmazonDemoTest@5700d6b1]" name="tearDown" is-config="true" duration-ms="1338" started-at="2021-06-28T02:53:17Z" finished-at="2021-06-28T02:53:18Z">
          <params>
            <param index="0">
              <value>
                <![CDATA[[TestResult name=amazonTest status=SUCCESS method=AmazonDemoTest.amazonTest(java.util.Map)[pri:0, instance:com.tmb.testcases.AmazonDemoTest@5700d6b1] output={null}]]]>
              </value>
            </param>
          </params>
          <reporter-output>
          </reporter-output>
        </test-method> <!-- tearDown -->
      </class> <!-- com.tmb.testcases.AmazonDemoTest -->
    </test> <!-- Test -->
  </suite> <!-- Suite -->
</testng-results>
